2025-04-16T15:57:17.845+03:00  INFO 9688 --- [main] com.teachmeskills.Application            : Starting Application using Java 21.0.1 with PID 9688 (D:\MY_PROJECT_JAVA\TeachMeSkills_Finall_Project\target\classes started by bsv in D:\MY_PROJECT_JAVA\TeachMeSkills_Finall_Project)
2025-04-16T15:57:17.847+03:00  INFO 9688 --- [main] com.teachmeskills.Application            : No active profile set, falling back to 1 default profile: "default"
2025-04-16T15:57:18.820+03:00  INFO 9688 --- [main] .s.d.r.c.RepositoryConfigurationDelegate : Bootstrapping Spring Data JPA repositories in DEFAULT mode.
2025-04-16T15:57:18.838+03:00  INFO 9688 --- [main] .s.d.r.c.RepositoryConfigurationDelegate : Finished Spring Data repository scanning in 11 ms. Found 0 JPA repository interfaces.
2025-04-16T15:57:19.420+03:00  INFO 9688 --- [main] o.s.b.w.embedded.tomcat.TomcatWebServer  : Tomcat initialized with port(s): 8080 (http)
2025-04-16T15:57:19.431+03:00  INFO 9688 --- [main] o.apache.catalina.core.StandardService   : Starting service [Tomcat]
2025-04-16T15:57:19.431+03:00  INFO 9688 --- [main] o.apache.catalina.core.StandardEngine    : Starting Servlet engine: [Apache Tomcat/10.1.12]
2025-04-16T15:57:19.519+03:00  INFO 9688 --- [main] o.a.c.c.C.[Tomcat].[localhost].[/]       : Initializing Spring embedded WebApplicationContext
2025-04-16T15:57:19.519+03:00  INFO 9688 --- [main] w.s.c.ServletWebServerApplicationContext : Root WebApplicationContext: initialization completed in 1626 ms
2025-04-16T15:57:19.719+03:00  INFO 9688 --- [main] com.zaxxer.hikari.HikariDataSource       : HikariPool-1 - Starting...
2025-04-16T15:57:19.950+03:00  INFO 9688 --- [main] com.zaxxer.hikari.pool.HikariPool        : HikariPool-1 - Added connection org.postgresql.jdbc.PgConnection@4b03cbad
2025-04-16T15:57:19.951+03:00  INFO 9688 --- [main] com.zaxxer.hikari.HikariDataSource       : HikariPool-1 - Start completed.
2025-04-16T15:57:20.002+03:00  INFO 9688 --- [main] o.hibernate.jpa.internal.util.LogHelper  : HHH000204: Processing PersistenceUnitInfo [name: default]
2025-04-16T15:57:20.066+03:00  INFO 9688 --- [main] org.hibernate.Version                    : HHH000412: Hibernate ORM core version 6.2.7.Final
2025-04-16T15:57:20.069+03:00  INFO 9688 --- [main] org.hibernate.cfg.Environment            : HHH000406: Using bytecode reflection optimizer
2025-04-16T15:57:20.233+03:00  INFO 9688 --- [main] o.h.b.i.BytecodeProviderInitiator        : HHH000021: Bytecode provider name : bytebuddy
2025-04-16T15:57:20.412+03:00  INFO 9688 --- [main] o.s.o.j.p.SpringPersistenceUnitInfo      : No LoadTimeWeaver setup: ignoring JPA class transformer
2025-04-16T15:57:20.685+03:00  INFO 9688 --- [main] o.h.b.i.BytecodeProviderInitiator        : HHH000021: Bytecode provider name : bytebuddy
2025-04-16T15:57:21.383+03:00  INFO 9688 --- [main] o.h.e.t.j.p.i.JtaPlatformInitiator       : HHH000490: Using JtaPlatform implementation: [org.hibernate.engine.transaction.jta.platform.internal.NoJtaPlatform]
2025-04-16T15:57:21.386+03:00  INFO 9688 --- [main] j.LocalContainerEntityManagerFactoryBean : Initialized JPA EntityManagerFactory for persistence unit 'default'
2025-04-16T15:57:21.397+03:00  WARN 9688 --- [main] JpaBaseConfiguration$JpaWebConfiguration : spring.jpa.open-in-view is enabled by default. Therefore, database queries may be performed during view rendering. Explicitly configure spring.jpa.open-in-view to disable this warning
2025-04-16T15:57:21.915+03:00  INFO 9688 --- [main] o.s.b.a.e.web.EndpointLinksResolver      : Exposing 6 endpoint(s) beneath base path '/actuator'
2025-04-16T15:57:21.991+03:00  INFO 9688 --- [main] o.s.b.w.embedded.tomcat.TomcatWebServer  : Tomcat started on port(s): 8080 (http) with context path ''
2025-04-16T15:57:22.002+03:00  INFO 9688 --- [main] com.teachmeskills.Application            : Started Application in 4.661 seconds (process running for 6.763)
2025-04-16T15:57:22.331+03:00  INFO 9688 --- [RMI TCP Connection(1)-10.0.1.125] o.a.c.c.C.[Tomcat].[localhost].[/]       : Initializing Spring DispatcherServlet 'dispatcherServlet'
2025-04-16T15:57:22.331+03:00  INFO 9688 --- [RMI TCP Connection(1)-10.0.1.125] o.s.web.servlet.DispatcherServlet        : Initializing Servlet 'dispatcherServlet'
2025-04-16T15:57:22.333+03:00  INFO 9688 --- [RMI TCP Connection(1)-10.0.1.125] o.s.web.servlet.DispatcherServlet        : Completed initialization in 1 ms
